<?xml version="1.0" encoding="UTF-8"?>
<testsuite name="letrain.track.RailTrackTest" tests="11" skipped="0" failures="0" errors="0" timestamp="2021-01-17T20:07:00" hostname="IMATIA17013" time="0.023">
  <properties/>
  <testcase name="test get Any Dir" classname="letrain.track.RailTrackTest" time="0.007"/>
  <testcase name="test get Dir" classname="letrain.track.RailTrackTest" time="0.0"/>
  <testcase name="test get Num Open Dirs" classname="letrain.track.RailTrackTest" time="0.001"/>
  <testcase name="test add Route" classname="letrain.track.RailTrackTest" time="0.002"/>
  <testcase name="test remove Route" classname="letrain.track.RailTrackTest" time="0.0"/>
  <testcase name="test link" classname="letrain.track.RailTrackTest" time="0.0"/>
  <testcase name="test unLink" classname="letrain.track.RailTrackTest" time="0.001"/>
  <testcase name="test addVehicle" classname="letrain.track.RailTrackTest" time="0.01"/>
  <testcase name="test add two Vehicles" classname="letrain.track.RailTrackTest" time="0.0"/>
  <testcase name="test removeVehicle" classname="letrain.track.RailTrackTest" time="0.001"/>
  <testcase name="test removeVehicle when empty" classname="letrain.track.RailTrackTest" time="0.0"/>
  <system-out><![CDATA[]]></system-out>
  <system-err><![CDATA[]]></system-err>
</testsuite>
