<?xml version="1.0" encoding="UTF-8"?>
<testsuite name="letrain.map.DirTest" tests="11" skipped="0" failures="0" errors="0" timestamp="2021-01-17T20:07:00" hostname="IMATIA17013" time="0.074">
  <properties/>
  <testcase name="test from Int" classname="letrain.map.DirTest" time="0.046"/>
  <testcase name="test add" classname="letrain.map.DirTest" time="0.006"/>
  <testcase name="test is Valid Value" classname="letrain.map.DirTest" time="0.005"/>
  <testcase name="test invert" classname="letrain.map.DirTest" time="0.001"/>
  <testcase name="test short Way" classname="letrain.map.DirTest" time="0.002"/>
  <testcase name="test angular Distance" classname="letrain.map.DirTest" time="0.001"/>
  <testcase name="test inverse" classname="letrain.map.DirTest" time="0.002"/>
  <testcase name="test turn Left" classname="letrain.map.DirTest" time="0.002"/>
  <testcase name="test turn Right" classname="letrain.map.DirTest" time="0.003"/>
  <testcase name="test is Curve" classname="letrain.map.DirTest" time="0.001"/>
  <testcase name="test is Straight" classname="letrain.map.DirTest" time="0.003"/>
  <system-out><![CDATA[]]></system-out>
  <system-err><![CDATA[]]></system-err>
</testsuite>
