<?xml version="1.0" encoding="UTF-8"?>
<testsuite name="letrain.map.RailMapTest" tests="2" skipped="0" failures="0" errors="0" timestamp="2021-01-17T20:07:00" hostname="IMATIA17013" time="0.113">
  <properties/>
  <testcase name="test for Each" classname="letrain.map.RailMapTest" time="0.107"/>
  <testcase name="test add remove and get " classname="letrain.map.RailMapTest" time="0.006"/>
  <system-out><![CDATA[]]></system-out>
  <system-err><![CDATA[]]></system-err>
</testsuite>
