<?xml version="1.0" encoding="UTF-8"?>
<testsuite name="letrain.vehicle.impl.road.RoadVehicleTest" tests="6" skipped="0" failures="0" errors="0" timestamp="2021-01-17T20:07:01" hostname="IMATIA17013" time="0.035">
  <properties/>
  <testcase name="test set Pos" classname="letrain.vehicle.impl.road.RoadVehicleTest" time="0.022"/>
  <testcase name="test set Y" classname="letrain.vehicle.impl.road.RoadVehicleTest" time="0.002"/>
  <testcase name="test set X" classname="letrain.vehicle.impl.road.RoadVehicleTest" time="0.001"/>
  <testcase name="test rotate Left" classname="letrain.vehicle.impl.road.RoadVehicleTest" time="0.003"/>
  <testcase name="test rotate Right" classname="letrain.vehicle.impl.road.RoadVehicleTest" time="0.001"/>
  <testcase name="test rotate" classname="letrain.vehicle.impl.road.RoadVehicleTest" time="0.003"/>
  <system-out><![CDATA[]]></system-out>
  <system-err><![CDATA[]]></system-err>
</testsuite>
